[debug] [2023-07-07T15:38:23.698Z] ----------------------------------------------------------------------
[debug] [2023-07-07T15:38:23.700Z] Command:       /Users/julesdouet/.nvm/versions/node/v19.7.0/bin/node /Users/julesdouet/.nvm/versions/node/v19.7.0/bin/firebase deploy --only functions
[debug] [2023-07-07T15:38:23.700Z] CLI Version:   12.4.3
[debug] [2023-07-07T15:38:23.701Z] Platform:      darwin
[debug] [2023-07-07T15:38:23.701Z] Node Version:  v19.7.0
[debug] [2023-07-07T15:38:23.701Z] Time:          Fri Jul 07 2023 17:38:23 GMT+0200 (Central European Summer Time)
[debug] [2023-07-07T15:38:23.701Z] ----------------------------------------------------------------------
[debug] 
[debug] [2023-07-07T15:38:23.734Z] > command requires scopes: ["email","openid","https://www.googleapis.com/auth/cloudplatformprojects.readonly","https://www.googleapis.com/auth/firebase","https://www.googleapis.com/auth/cloud-platform"]
[debug] [2023-07-07T15:38:23.734Z] > authorizing via signed-in user (jules.douet@gmail.com)
[debug] [2023-07-07T15:38:23.734Z] [iam] checking project kifkaf-d4850 for permissions ["cloudfunctions.functions.create","cloudfunctions.functions.delete","cloudfunctions.functions.get","cloudfunctions.functions.list","cloudfunctions.functions.update","cloudfunctions.operations.get","firebase.projects.get"]
[debug] [2023-07-07T15:38:23.735Z] >>> [apiv2][query] POST https://cloudresourcemanager.googleapis.com/v1/projects/kifkaf-d4850:testIamPermissions [none]
[debug] [2023-07-07T15:38:23.735Z] >>> [apiv2][(partial)header] POST https://cloudresourcemanager.googleapis.com/v1/projects/kifkaf-d4850:testIamPermissions x-goog-quota-user=projects/kifkaf-d4850
[debug] [2023-07-07T15:38:23.736Z] >>> [apiv2][body] POST https://cloudresourcemanager.googleapis.com/v1/projects/kifkaf-d4850:testIamPermissions {"permissions":["cloudfunctions.functions.create","cloudfunctions.functions.delete","cloudfunctions.functions.get","cloudfunctions.functions.list","cloudfunctions.functions.update","cloudfunctions.operations.get","firebase.projects.get"]}
[debug] [2023-07-07T15:38:24.402Z] <<< [apiv2][status] POST https://cloudresourcemanager.googleapis.com/v1/projects/kifkaf-d4850:testIamPermissions 200
[debug] [2023-07-07T15:38:24.402Z] <<< [apiv2][body] POST https://cloudresourcemanager.googleapis.com/v1/projects/kifkaf-d4850:testIamPermissions {"permissions":["cloudfunctions.functions.create","cloudfunctions.functions.delete","cloudfunctions.functions.get","cloudfunctions.functions.list","cloudfunctions.functions.update","cloudfunctions.operations.get","firebase.projects.get"]}
[debug] [2023-07-07T15:38:24.403Z] >>> [apiv2][query] POST https://iam.googleapis.com/v1/projects/kifkaf-d4850/serviceAccounts/kifkaf-d4850@appspot.gserviceaccount.com:testIamPermissions [none]
[debug] [2023-07-07T15:38:24.403Z] >>> [apiv2][body] POST https://iam.googleapis.com/v1/projects/kifkaf-d4850/serviceAccounts/kifkaf-d4850@appspot.gserviceaccount.com:testIamPermissions {"permissions":["iam.serviceAccounts.actAs"]}
[debug] [2023-07-07T15:38:24.979Z] <<< [apiv2][status] POST https://iam.googleapis.com/v1/projects/kifkaf-d4850/serviceAccounts/kifkaf-d4850@appspot.gserviceaccount.com:testIamPermissions 200
[debug] [2023-07-07T15:38:24.980Z] <<< [apiv2][body] POST https://iam.googleapis.com/v1/projects/kifkaf-d4850/serviceAccounts/kifkaf-d4850@appspot.gserviceaccount.com:testIamPermissions {"permissions":["iam.serviceAccounts.actAs"]}
[info] 
[info] === Deploying to 'kifkaf-d4850'...
[info] 
[info] i  deploying functions 
[info] Running command: npm --prefix "$RESOURCE_DIR" run lint
[info] ✔  functions: Finished running predeploy script. 
[debug] [2023-07-07T15:38:26.071Z] >>> [apiv2][query] GET https://firebase.googleapis.com/v1beta1/projects/kifkaf-d4850 [none]
[debug] [2023-07-07T15:38:26.304Z] <<< [apiv2][status] GET https://firebase.googleapis.com/v1beta1/projects/kifkaf-d4850 200
[debug] [2023-07-07T15:38:26.304Z] <<< [apiv2][body] GET https://firebase.googleapis.com/v1beta1/projects/kifkaf-d4850 {"projectId":"kifkaf-d4850","projectNumber":"296402111022","displayName":"kifkaf","name":"projects/kifkaf-d4850","resources":{"hostingSite":"kifkaf-d4850"},"state":"ACTIVE","etag":"1_aff095cf-aa19-475e-80bf-7969fd3f4ce0"}
[info] i  functions: preparing codebase default for deployment 
[info] i  functions: ensuring required API cloudfunctions.googleapis.com is enabled... 
[info] i  functions: ensuring required API cloudbuild.googleapis.com is enabled... 
[info] i  artifactregistry: ensuring required API artifactregistry.googleapis.com is enabled... 
[debug] [2023-07-07T15:38:26.305Z] >>> [apiv2][query] GET https://serviceusage.googleapis.com/v1/projects/kifkaf-d4850/services/cloudfunctions.googleapis.com [none]
[debug] [2023-07-07T15:38:26.305Z] >>> [apiv2][(partial)header] GET https://serviceusage.googleapis.com/v1/projects/kifkaf-d4850/services/cloudfunctions.googleapis.com x-goog-quota-user=projects/kifkaf-d4850
[debug] [2023-07-07T15:38:26.305Z] >>> [apiv2][query] GET https://serviceusage.googleapis.com/v1/projects/kifkaf-d4850/services/runtimeconfig.googleapis.com [none]
[debug] [2023-07-07T15:38:26.305Z] >>> [apiv2][(partial)header] GET https://serviceusage.googleapis.com/v1/projects/kifkaf-d4850/services/runtimeconfig.googleapis.com x-goog-quota-user=projects/kifkaf-d4850
[debug] [2023-07-07T15:38:26.306Z] >>> [apiv2][query] GET https://serviceusage.googleapis.com/v1/projects/kifkaf-d4850/services/cloudbuild.googleapis.com [none]
[debug] [2023-07-07T15:38:26.306Z] >>> [apiv2][(partial)header] GET https://serviceusage.googleapis.com/v1/projects/kifkaf-d4850/services/cloudbuild.googleapis.com x-goog-quota-user=projects/kifkaf-d4850
[debug] [2023-07-07T15:38:26.306Z] >>> [apiv2][query] GET https://serviceusage.googleapis.com/v1/projects/kifkaf-d4850/services/artifactregistry.googleapis.com [none]
[debug] [2023-07-07T15:38:26.306Z] >>> [apiv2][(partial)header] GET https://serviceusage.googleapis.com/v1/projects/kifkaf-d4850/services/artifactregistry.googleapis.com x-goog-quota-user=projects/kifkaf-d4850
[debug] [2023-07-07T15:38:27.145Z] <<< [apiv2][status] GET https://serviceusage.googleapis.com/v1/projects/kifkaf-d4850/services/runtimeconfig.googleapis.com 200
[debug] [2023-07-07T15:38:27.145Z] <<< [apiv2][body] GET https://serviceusage.googleapis.com/v1/projects/kifkaf-d4850/services/runtimeconfig.googleapis.com [omitted]
[debug] [2023-07-07T15:38:27.146Z] <<< [apiv2][status] GET https://serviceusage.googleapis.com/v1/projects/kifkaf-d4850/services/cloudfunctions.googleapis.com 200
[debug] [2023-07-07T15:38:27.146Z] <<< [apiv2][body] GET https://serviceusage.googleapis.com/v1/projects/kifkaf-d4850/services/cloudfunctions.googleapis.com [omitted]
[info] ✔  functions: required API cloudfunctions.googleapis.com is enabled 
[debug] [2023-07-07T15:38:27.147Z] <<< [apiv2][status] GET https://serviceusage.googleapis.com/v1/projects/kifkaf-d4850/services/cloudbuild.googleapis.com 200
[debug] [2023-07-07T15:38:27.147Z] <<< [apiv2][body] GET https://serviceusage.googleapis.com/v1/projects/kifkaf-d4850/services/cloudbuild.googleapis.com [omitted]
[info] ✔  functions: required API cloudbuild.googleapis.com is enabled 
[debug] [2023-07-07T15:38:27.168Z] <<< [apiv2][status] GET https://serviceusage.googleapis.com/v1/projects/kifkaf-d4850/services/artifactregistry.googleapis.com 200
[debug] [2023-07-07T15:38:27.168Z] <<< [apiv2][body] GET https://serviceusage.googleapis.com/v1/projects/kifkaf-d4850/services/artifactregistry.googleapis.com [omitted]
[info] ✔  artifactregistry: required API artifactregistry.googleapis.com is enabled 
[debug] [2023-07-07T15:38:27.169Z] >>> [apiv2][query] GET https://firebase.googleapis.com/v1beta1/projects/kifkaf-d4850/adminSdkConfig [none]
[debug] [2023-07-07T15:38:27.361Z] <<< [apiv2][status] GET https://firebase.googleapis.com/v1beta1/projects/kifkaf-d4850/adminSdkConfig 200
[debug] [2023-07-07T15:38:27.361Z] <<< [apiv2][body] GET https://firebase.googleapis.com/v1beta1/projects/kifkaf-d4850/adminSdkConfig {"projectId":"kifkaf-d4850","storageBucket":"kifkaf-d4850.appspot.com"}
[debug] [2023-07-07T15:38:27.361Z] >>> [apiv2][query] GET https://runtimeconfig.googleapis.com/v1beta1/projects/kifkaf-d4850/configs [none]
[debug] [2023-07-07T15:38:27.624Z] <<< [apiv2][status] GET https://runtimeconfig.googleapis.com/v1beta1/projects/kifkaf-d4850/configs 200
[debug] [2023-07-07T15:38:27.624Z] <<< [apiv2][body] GET https://runtimeconfig.googleapis.com/v1beta1/projects/kifkaf-d4850/configs {"configs":[{"name":"projects/kifkaf-d4850/configs/gmail"}]}
[debug] [2023-07-07T15:38:27.624Z] >>> [apiv2][query] GET https://runtimeconfig.googleapis.com/v1beta1/projects/kifkaf-d4850/configs/gmail/variables [none]
[debug] [2023-07-07T15:38:27.881Z] <<< [apiv2][status] GET https://runtimeconfig.googleapis.com/v1beta1/projects/kifkaf-d4850/configs/gmail/variables 200
[debug] [2023-07-07T15:38:27.881Z] <<< [apiv2][body] GET https://runtimeconfig.googleapis.com/v1beta1/projects/kifkaf-d4850/configs/gmail/variables {"variables":[{"name":"projects/kifkaf-d4850/configs/gmail/variables/password","updateTime":"2023-07-07T14:23:09.945486702Z"},{"name":"projects/kifkaf-d4850/configs/gmail/variables/email","updateTime":"2023-07-07T14:23:09.896919462Z"}]}
[debug] [2023-07-07T15:38:27.882Z] >>> [apiv2][query] GET https://runtimeconfig.googleapis.com/v1beta1/projects/kifkaf-d4850/configs/gmail/variables/password [none]
[debug] [2023-07-07T15:38:27.882Z] >>> [apiv2][query] GET https://runtimeconfig.googleapis.com/v1beta1/projects/kifkaf-d4850/configs/gmail/variables/email [none]
[debug] [2023-07-07T15:38:28.034Z] <<< [apiv2][status] GET https://runtimeconfig.googleapis.com/v1beta1/projects/kifkaf-d4850/configs/gmail/variables/password 200
[debug] [2023-07-07T15:38:28.034Z] <<< [apiv2][body] GET https://runtimeconfig.googleapis.com/v1beta1/projects/kifkaf-d4850/configs/gmail/variables/password {"name":"projects/kifkaf-d4850/configs/gmail/variables/password","updateTime":"2023-07-07T14:23:09.945486702Z","text":"zrwlaseryxgobqoy"}
[debug] [2023-07-07T15:38:28.065Z] <<< [apiv2][status] GET https://runtimeconfig.googleapis.com/v1beta1/projects/kifkaf-d4850/configs/gmail/variables/email 200
[debug] [2023-07-07T15:38:28.066Z] <<< [apiv2][body] GET https://runtimeconfig.googleapis.com/v1beta1/projects/kifkaf-d4850/configs/gmail/variables/email {"name":"projects/kifkaf-d4850/configs/gmail/variables/email","updateTime":"2023-07-07T14:23:09.896919462Z","text":"kifkaf.app@gmail.com"}
[debug] [2023-07-07T15:38:28.068Z] Validating nodejs source
[debug] [2023-07-07T15:38:28.456Z] > [functions] package.json contents: {
  "name": "functions",
  "description": "Cloud Functions for Firebase",
  "scripts": {
    "lint": "eslint .",
    "serve": "firebase emulators:start --only functions",
    "shell": "firebase functions:shell",
    "start": "npm run shell",
    "deploy": "firebase deploy --only functions",
    "logs": "firebase functions:log"
  },
  "engines": {
    "node": "18"
  },
  "main": "index.js",
  "dependencies": {
    "body-parser": "^1.20.2",
    "firebase-admin": "^11.8.0",
    "firebase-functions": "^4.3.1",
    "nodemailer": "^6.9.3"
  },
  "devDependencies": {
    "eslint": "^8.15.0",
    "eslint-config-google": "^0.14.0",
    "firebase-functions-test": "^3.1.0"
  },
  "private": true
}
[debug] [2023-07-07T15:38:28.456Z] Building nodejs source
[info] i  functions: Loading and anaylzing source code for codebase default to determine what to deploy 
[debug] [2023-07-07T15:38:28.456Z] Could not find functions.yaml. Must use http discovery
[debug] [2023-07-07T15:38:28.460Z] Found firebase-functions binary at '/Users/julesdouet/web-projects/quasar-project/functions/node_modules/.bin/firebase-functions'
[info] Serving at port 8341

[debug] [2023-07-07T15:38:28.740Z] Got response from /__/functions.yaml {"endpoints":{"sendEmail":{"platform":"gcfv1","availableMemoryMb":null,"timeoutSeconds":null,"minInstances":null,"maxInstances":null,"ingressSettings":null,"serviceAccountEmail":null,"vpc":null,"httpsTrigger":{},"entryPoint":"sendEmail"}},"specVersion":"v1alpha1","requiredAPIs":[]}
[info] shutdown requested via /__/quitquitquit

[info] i  functions: preparing functions directory for uploading... 
[info] i  functions: packaged /Users/julesdouet/web-projects/quasar-project/functions (73.35 KB) for uploading 
[debug] [2023-07-07T15:38:28.765Z] >>> [apiv2][query] GET https://cloudfunctions.googleapis.com/v1/projects/kifkaf-d4850/locations/-/functions [none]
[debug] [2023-07-07T15:38:29.238Z] <<< [apiv2][status] GET https://cloudfunctions.googleapis.com/v1/projects/kifkaf-d4850/locations/-/functions 200
[debug] [2023-07-07T15:38:29.238Z] <<< [apiv2][body] GET https://cloudfunctions.googleapis.com/v1/projects/kifkaf-d4850/locations/-/functions {"functions":[{"name":"projects/kifkaf-d4850/locations/us-central1/functions/sendEmail","httpsTrigger":{"url":"https://us-central1-kifkaf-d4850.cloudfunctions.net/sendEmail","securityLevel":"SECURE_ALWAYS"},"status":"ACTIVE","entryPoint":"sendEmail","timeout":"60s","availableMemoryMb":256,"serviceAccountEmail":"kifkaf-d4850@appspot.gserviceaccount.com","updateTime":"2023-07-07T15:16:12.213Z","versionId":"8","labels":{"deployment-tool":"cli-firebase","firebase-functions-hash":"e06b8a189b2c7d0e92f8dd26c3bbc796e18b1641"},"sourceUploadUrl":"https://storage.googleapis.com/uploads-206802271662.us-central1.cloudfunctions.appspot.com/9777a4cf-3cae-4e99-8cd9-90e3061b5ac3.zip","environmentVariables":{"FIREBASE_CONFIG":"{\"projectId\":\"kifkaf-d4850\",\"storageBucket\":\"kifkaf-d4850.appspot.com\"}","GCLOUD_PROJECT":"kifkaf-d4850","EVENTARC_CLOUD_EVENT_SOURCE":"projects/kifkaf-d4850/locations/us-central1/functions/sendEmail"},"runtime":"nodejs18","ingressSettings":"ALLOW_ALL","buildId":"30e30992-d693-40c9-bbe5-c62353950967","buildEnvironmentVariables":{"GOOGLE_NODE_RUN_SCRIPTS":""},"buildName":"projects/296402111022/locations/us-central1/builds/30e30992-d693-40c9-bbe5-c62353950967","dockerRegistry":"ARTIFACT_REGISTRY"}]}
[debug] [2023-07-07T15:38:29.239Z] >>> [apiv2][query] GET https://cloudfunctions.googleapis.com/v2/projects/kifkaf-d4850/locations/-/functions filter=environment%3D%22GEN_2%22
[debug] [2023-07-07T15:38:29.914Z] <<< [apiv2][status] GET https://cloudfunctions.googleapis.com/v2/projects/kifkaf-d4850/locations/-/functions 200
[debug] [2023-07-07T15:38:29.914Z] <<< [apiv2][body] GET https://cloudfunctions.googleapis.com/v2/projects/kifkaf-d4850/locations/-/functions {}
[debug] [2023-07-07T15:38:29.917Z] >>> [apiv2][query] GET https://firebase.googleapis.com/v1beta1/projects/kifkaf-d4850 [none]
[debug] [2023-07-07T15:38:30.113Z] <<< [apiv2][status] GET https://firebase.googleapis.com/v1beta1/projects/kifkaf-d4850 200
[debug] [2023-07-07T15:38:30.113Z] <<< [apiv2][body] GET https://firebase.googleapis.com/v1beta1/projects/kifkaf-d4850 {"projectId":"kifkaf-d4850","projectNumber":"296402111022","displayName":"kifkaf","name":"projects/kifkaf-d4850","resources":{"hostingSite":"kifkaf-d4850"},"state":"ACTIVE","etag":"1_aff095cf-aa19-475e-80bf-7969fd3f4ce0"}
[debug] [2023-07-07T15:38:30.114Z] >>> [apiv2][query] POST https://cloudfunctions.googleapis.com/v1/projects/kifkaf-d4850/locations/us-central1/functions:generateUploadUrl [none]
[debug] [2023-07-07T15:38:30.114Z] >>> [apiv2][body] POST https://cloudfunctions.googleapis.com/v1/projects/kifkaf-d4850/locations/us-central1/functions:generateUploadUrl {}
[debug] [2023-07-07T15:38:30.626Z] <<< [apiv2][status] POST https://cloudfunctions.googleapis.com/v1/projects/kifkaf-d4850/locations/us-central1/functions:generateUploadUrl 200
[debug] [2023-07-07T15:38:30.626Z] <<< [apiv2][body] POST https://cloudfunctions.googleapis.com/v1/projects/kifkaf-d4850/locations/us-central1/functions:generateUploadUrl {"uploadUrl":"https://storage.googleapis.com/uploads-206802271662.us-central1.cloudfunctions.appspot.com/86174ca4-1a82-45aa-85d3-839cfaf96184.zip?GoogleAccessId=service-296402111022@gcf-admin-robot.iam.gserviceaccount.com&Expires=1688746110&Signature=P9OLDVEiZXdJqF9HHxG1na3mXdlhVYXwtP8uPCrBbKMLn1JTd1tErHld%2F2y87MbALdE4vlJrlqi%2FSwm5rLfs5OYW4xoc4b8%2Fh%2FRExep%2BCvbsu5A0MlbejMkH5F3DcmsJjTKTXbaQIIYEBqjj640OGfD%2B58BGzzt69XWTZynTLXEQoHxV0GCGB8W5I4E%2Br5pce1LHthtYx0%2B%2FUmhLgxyTHvYyWt8D9mg1bATqbPCdAHKP%2Bq3td3VHHzrR1orkHYx5V8XGs4Z6xasSl85AyTcAihBY9AxlvcxPAuUiCh%2BJWj6cSfhJMnZp7KuJ1tP3qjbv3EEgPxs20tEbtbh8ju2ZoQ%3D%3D"}
[debug] [2023-07-07T15:38:30.627Z] >>> [apiv2][query] PUT https://storage.googleapis.com/uploads-206802271662.us-central1.cloudfunctions.appspot.com/86174ca4-1a82-45aa-85d3-839cfaf96184.zip GoogleAccessId=service-296402111022%40gcf-admin-robot.iam.gserviceaccount.com&Expires=1688746110&Signature=P9OLDVEiZXdJqF9HHxG1na3mXdlhVYXwtP8uPCrBbKMLn1JTd1tErHld%2F2y87MbALdE4vlJrlqi%2FSwm5rLfs5OYW4xoc4b8%2Fh%2FRExep%2BCvbsu5A0MlbejMkH5F3DcmsJjTKTXbaQIIYEBqjj640OGfD%2B58BGzzt69XWTZynTLXEQoHxV0GCGB8W5I4E%2Br5pce1LHthtYx0%2B%2FUmhLgxyTHvYyWt8D9mg1bATqbPCdAHKP%2Bq3td3VHHzrR1orkHYx5V8XGs4Z6xasSl85AyTcAihBY9AxlvcxPAuUiCh%2BJWj6cSfhJMnZp7KuJ1tP3qjbv3EEgPxs20tEbtbh8ju2ZoQ%3D%3D
[debug] [2023-07-07T15:38:30.627Z] >>> [apiv2][body] PUT https://storage.googleapis.com/uploads-206802271662.us-central1.cloudfunctions.appspot.com/86174ca4-1a82-45aa-85d3-839cfaf96184.zip [stream]
[debug] [2023-07-07T15:38:31.132Z] <<< [apiv2][status] PUT https://storage.googleapis.com/uploads-206802271662.us-central1.cloudfunctions.appspot.com/86174ca4-1a82-45aa-85d3-839cfaf96184.zip 200
[debug] [2023-07-07T15:38:31.132Z] <<< [apiv2][body] PUT https://storage.googleapis.com/uploads-206802271662.us-central1.cloudfunctions.appspot.com/86174ca4-1a82-45aa-85d3-839cfaf96184.zip [omitted]
[info] ✔  functions: functions folder uploaded successfully 
[info] i  functions: updating Node.js 18 (1st Gen) function sendEmail(us-central1)... 
[debug] [2023-07-07T15:38:31.136Z] >>> [apiv2][query] PATCH https://cloudfunctions.googleapis.com/v1/projects/kifkaf-d4850/locations/us-central1/functions/sendEmail updateMask=name%2CsourceUploadUrl%2CentryPoint%2Cruntime%2CdockerRegistry%2Clabels%2ChttpsTrigger.securityLevel%2CminInstances%2CmaxInstances%2CingressSettings%2CenvironmentVariables%2CserviceAccountEmail%2CavailableMemoryMb%2Ctimeout%2CvpcConnector%2CvpcConnectorEgressSettings%2CsourceToken%2CbuildEnvironmentVariables
[debug] [2023-07-07T15:38:31.137Z] >>> [apiv2][body] PATCH https://cloudfunctions.googleapis.com/v1/projects/kifkaf-d4850/locations/us-central1/functions/sendEmail {"name":"projects/kifkaf-d4850/locations/us-central1/functions/sendEmail","sourceUploadUrl":"https://storage.googleapis.com/uploads-206802271662.us-central1.cloudfunctions.appspot.com/86174ca4-1a82-45aa-85d3-839cfaf96184.zip?GoogleAccessId=service-296402111022@gcf-admin-robot.iam.gserviceaccount.com&Expires=1688746110&Signature=P9OLDVEiZXdJqF9HHxG1na3mXdlhVYXwtP8uPCrBbKMLn1JTd1tErHld%2F2y87MbALdE4vlJrlqi%2FSwm5rLfs5OYW4xoc4b8%2Fh%2FRExep%2BCvbsu5A0MlbejMkH5F3DcmsJjTKTXbaQIIYEBqjj640OGfD%2B58BGzzt69XWTZynTLXEQoHxV0GCGB8W5I4E%2Br5pce1LHthtYx0%2B%2FUmhLgxyTHvYyWt8D9mg1bATqbPCdAHKP%2Bq3td3VHHzrR1orkHYx5V8XGs4Z6xasSl85AyTcAihBY9AxlvcxPAuUiCh%2BJWj6cSfhJMnZp7KuJ1tP3qjbv3EEgPxs20tEbtbh8ju2ZoQ%3D%3D","entryPoint":"sendEmail","runtime":"nodejs18","dockerRegistry":"ARTIFACT_REGISTRY","labels":{"deployment-tool":"cli-firebase","firebase-functions-hash":"63c9719a7942568da129f20cddb0fd82b26c3535"},"httpsTrigger":{"securityLevel":"SECURE_ALWAYS"},"minInstances":null,"maxInstances":null,"ingressSettings":null,"environmentVariables":{"FIREBASE_CONFIG":"{\"projectId\":\"kifkaf-d4850\",\"storageBucket\":\"kifkaf-d4850.appspot.com\"}","GCLOUD_PROJECT":"kifkaf-d4850","EVENTARC_CLOUD_EVENT_SOURCE":"projects/kifkaf-d4850/locations/us-central1/functions/sendEmail"},"serviceAccountEmail":null,"availableMemoryMb":null,"timeout":null,"vpcConnector":null,"vpcConnectorEgressSettings":null,"buildEnvironmentVariables":{"GOOGLE_NODE_RUN_SCRIPTS":""}}
[debug] [2023-07-07T15:38:31.741Z] <<< [apiv2][status] PATCH https://cloudfunctions.googleapis.com/v1/projects/kifkaf-d4850/locations/us-central1/functions/sendEmail 200
[debug] [2023-07-07T15:38:31.741Z] <<< [apiv2][body] PATCH https://cloudfunctions.googleapis.com/v1/projects/kifkaf-d4850/locations/us-central1/functions/sendEmail {"name":"operations/a2lma2FmLWQ0ODUwL3VzLWNlbnRyYWwxL3NlbmRFbWFpbC9zcnd6M2d4TE9mMA","metadata":{"@type":"type.googleapis.com/google.cloud.functions.v1.OperationMetadataV1","target":"projects/kifkaf-d4850/locations/us-central1/functions/sendEmail","type":"UPDATE_FUNCTION","request":{"@type":"type.googleapis.com/google.cloud.functions.v1.CloudFunction","name":"projects/kifkaf-d4850/locations/us-central1/functions/sendEmail","httpsTrigger":{"url":"https://us-central1-kifkaf-d4850.cloudfunctions.net/sendEmail","securityLevel":"SECURE_ALWAYS"},"status":"ACTIVE","entryPoint":"sendEmail","updateTime":"2023-07-07T15:16:12.213Z","versionId":"8","labels":{"deployment-tool":"cli-firebase","firebase-functions-hash":"63c9719a7942568da129f20cddb0fd82b26c3535"},"sourceUploadUrl":"https://storage.googleapis.com/uploads-206802271662.us-central1.cloudfunctions.appspot.com/86174ca4-1a82-45aa-85d3-839cfaf96184.zip?GoogleAccessId=service-296402111022@gcf-admin-robot.iam.gserviceaccount.com&Expires=1688746110&Signature=P9OLDVEiZXdJqF9HHxG1na3mXdlhVYXwtP8uPCrBbKMLn1JTd1tErHld%2F2y87MbALdE4vlJrlqi%2FSwm5rLfs5OYW4xoc4b8%2Fh%2FRExep%2BCvbsu5A0MlbejMkH5F3DcmsJjTKTXbaQIIYEBqjj640OGfD%2B58BGzzt69XWTZynTLXEQoHxV0GCGB8W5I4E%2Br5pce1LHthtYx0%2B%2FUmhLgxyTHvYyWt8D9mg1bATqbPCdAHKP%2Bq3td3VHHzrR1orkHYx5V8XGs4Z6xasSl85AyTcAihBY9AxlvcxPAuUiCh%2BJWj6cSfhJMnZp7KuJ1tP3qjbv3EEgPxs20tEbtbh8ju2ZoQ%3D%3D","environmentVariables":{"FIREBASE_CONFIG":"{\"projectId\":\"kifkaf-d4850\",\"storageBucket\":\"kifkaf-d4850.appspot.com\"}","GCLOUD_PROJECT":"kifkaf-d4850","EVENTARC_CLOUD_EVENT_SOURCE":"projects/kifkaf-d4850/locations/us-central1/functions/sendEmail"},"runtime":"nodejs18","buildId":"30e30992-d693-40c9-bbe5-c62353950967","buildEnvironmentVariables":{"GOOGLE_NODE_RUN_SCRIPTS":""},"buildName":"projects/296402111022/locations/us-central1/builds/30e30992-d693-40c9-bbe5-c62353950967","dockerRegistry":"ARTIFACT_REGISTRY"},"versionId":"9","updateTime":"2023-07-07T15:38:31Z"}}
[debug] [2023-07-07T15:38:31.742Z] >>> [apiv2][query] GET https://cloudfunctions.googleapis.com/v1/operations/a2lma2FmLWQ0ODUwL3VzLWNlbnRyYWwxL3NlbmRFbWFpbC9zcnd6M2d4TE9mMA [none]
[debug] [2023-07-07T15:38:31.926Z] <<< [apiv2][status] GET https://cloudfunctions.googleapis.com/v1/operations/a2lma2FmLWQ0ODUwL3VzLWNlbnRyYWwxL3NlbmRFbWFpbC9zcnd6M2d4TE9mMA 200
[debug] [2023-07-07T15:38:31.927Z] <<< [apiv2][body] GET https://cloudfunctions.googleapis.com/v1/operations/a2lma2FmLWQ0ODUwL3VzLWNlbnRyYWwxL3NlbmRFbWFpbC9zcnd6M2d4TE9mMA {"name":"operations/a2lma2FmLWQ0ODUwL3VzLWNlbnRyYWwxL3NlbmRFbWFpbC9zcnd6M2d4TE9mMA","metadata":{"@type":"type.googleapis.com/google.cloud.functions.v1.OperationMetadataV1","target":"projects/kifkaf-d4850/locations/us-central1/functions/sendEmail","type":"UPDATE_FUNCTION","request":{"@type":"type.googleapis.com/google.cloud.functions.v1.CloudFunction","name":"projects/kifkaf-d4850/locations/us-central1/functions/sendEmail","httpsTrigger":{"url":"https://us-central1-kifkaf-d4850.cloudfunctions.net/sendEmail","securityLevel":"SECURE_ALWAYS"},"status":"ACTIVE","entryPoint":"sendEmail","updateTime":"2023-07-07T15:16:12.213Z","versionId":"8","labels":{"deployment-tool":"cli-firebase","firebase-functions-hash":"63c9719a7942568da129f20cddb0fd82b26c3535"},"sourceUploadUrl":"https://storage.googleapis.com/uploads-206802271662.us-central1.cloudfunctions.appspot.com/86174ca4-1a82-45aa-85d3-839cfaf96184.zip?GoogleAccessId=service-296402111022@gcf-admin-robot.iam.gserviceaccount.com&Expires=1688746110&Signature=P9OLDVEiZXdJqF9HHxG1na3mXdlhVYXwtP8uPCrBbKMLn1JTd1tErHld%2F2y87MbALdE4vlJrlqi%2FSwm5rLfs5OYW4xoc4b8%2Fh%2FRExep%2BCvbsu5A0MlbejMkH5F3DcmsJjTKTXbaQIIYEBqjj640OGfD%2B58BGzzt69XWTZynTLXEQoHxV0GCGB8W5I4E%2Br5pce1LHthtYx0%2B%2FUmhLgxyTHvYyWt8D9mg1bATqbPCdAHKP%2Bq3td3VHHzrR1orkHYx5V8XGs4Z6xasSl85AyTcAihBY9AxlvcxPAuUiCh%2BJWj6cSfhJMnZp7KuJ1tP3qjbv3EEgPxs20tEbtbh8ju2ZoQ%3D%3D","environmentVariables":{"FIREBASE_CONFIG":"{\"projectId\":\"kifkaf-d4850\",\"storageBucket\":\"kifkaf-d4850.appspot.com\"}","GCLOUD_PROJECT":"kifkaf-d4850","EVENTARC_CLOUD_EVENT_SOURCE":"projects/kifkaf-d4850/locations/us-central1/functions/sendEmail"},"runtime":"nodejs18","buildId":"30e30992-d693-40c9-bbe5-c62353950967","buildEnvironmentVariables":{"GOOGLE_NODE_RUN_SCRIPTS":""},"buildName":"projects/296402111022/locations/us-central1/builds/30e30992-d693-40c9-bbe5-c62353950967","dockerRegistry":"ARTIFACT_REGISTRY"},"versionId":"9","updateTime":"2023-07-07T15:38:31Z"}}
[debug] [2023-07-07T15:38:32.428Z] [update-default-us-central1-sendEmail] Retrying task index 0
[debug] [2023-07-07T15:38:32.429Z] >>> [apiv2][query] GET https://cloudfunctions.googleapis.com/v1/operations/a2lma2FmLWQ0ODUwL3VzLWNlbnRyYWwxL3NlbmRFbWFpbC9zcnd6M2d4TE9mMA [none]
[debug] [2023-07-07T15:38:32.591Z] <<< [apiv2][status] GET https://cloudfunctions.googleapis.com/v1/operations/a2lma2FmLWQ0ODUwL3VzLWNlbnRyYWwxL3NlbmRFbWFpbC9zcnd6M2d4TE9mMA 200
[debug] [2023-07-07T15:38:32.591Z] <<< [apiv2][body] GET https://cloudfunctions.googleapis.com/v1/operations/a2lma2FmLWQ0ODUwL3VzLWNlbnRyYWwxL3NlbmRFbWFpbC9zcnd6M2d4TE9mMA {"name":"operations/a2lma2FmLWQ0ODUwL3VzLWNlbnRyYWwxL3NlbmRFbWFpbC9zcnd6M2d4TE9mMA","metadata":{"@type":"type.googleapis.com/google.cloud.functions.v1.OperationMetadataV1","target":"projects/kifkaf-d4850/locations/us-central1/functions/sendEmail","type":"UPDATE_FUNCTION","request":{"@type":"type.googleapis.com/google.cloud.functions.v1.CloudFunction","name":"projects/kifkaf-d4850/locations/us-central1/functions/sendEmail","httpsTrigger":{"url":"https://us-central1-kifkaf-d4850.cloudfunctions.net/sendEmail","securityLevel":"SECURE_ALWAYS"},"status":"ACTIVE","entryPoint":"sendEmail","updateTime":"2023-07-07T15:16:12.213Z","versionId":"8","labels":{"deployment-tool":"cli-firebase","firebase-functions-hash":"63c9719a7942568da129f20cddb0fd82b26c3535"},"sourceUploadUrl":"https://storage.googleapis.com/uploads-206802271662.us-central1.cloudfunctions.appspot.com/86174ca4-1a82-45aa-85d3-839cfaf96184.zip?GoogleAccessId=service-296402111022@gcf-admin-robot.iam.gserviceaccount.com&Expires=1688746110&Signature=P9OLDVEiZXdJqF9HHxG1na3mXdlhVYXwtP8uPCrBbKMLn1JTd1tErHld%2F2y87MbALdE4vlJrlqi%2FSwm5rLfs5OYW4xoc4b8%2Fh%2FRExep%2BCvbsu5A0MlbejMkH5F3DcmsJjTKTXbaQIIYEBqjj640OGfD%2B58BGzzt69XWTZynTLXEQoHxV0GCGB8W5I4E%2Br5pce1LHthtYx0%2B%2FUmhLgxyTHvYyWt8D9mg1bATqbPCdAHKP%2Bq3td3VHHzrR1orkHYx5V8XGs4Z6xasSl85AyTcAihBY9AxlvcxPAuUiCh%2BJWj6cSfhJMnZp7KuJ1tP3qjbv3EEgPxs20tEbtbh8ju2ZoQ%3D%3D","environmentVariables":{"FIREBASE_CONFIG":"{\"projectId\":\"kifkaf-d4850\",\"storageBucket\":\"kifkaf-d4850.appspot.com\"}","GCLOUD_PROJECT":"kifkaf-d4850","EVENTARC_CLOUD_EVENT_SOURCE":"projects/kifkaf-d4850/locations/us-central1/functions/sendEmail"},"runtime":"nodejs18","buildId":"30e30992-d693-40c9-bbe5-c62353950967","buildEnvironmentVariables":{"GOOGLE_NODE_RUN_SCRIPTS":""},"buildName":"projects/296402111022/locations/us-central1/builds/30e30992-d693-40c9-bbe5-c62353950967","dockerRegistry":"ARTIFACT_REGISTRY"},"versionId":"9","updateTime":"2023-07-07T15:38:31Z","buildId":"5b6886e7-e715-4a6b-ba24-841439bc8f53","buildName":"projects/296402111022/locations/us-central1/builds/5b6886e7-e715-4a6b-ba24-841439bc8f53"}}
[debug] [2023-07-07T15:38:33.593Z] [update-default-us-central1-sendEmail] Retrying task index 0
[debug] [2023-07-07T15:38:33.594Z] >>> [apiv2][query] GET https://cloudfunctions.googleapis.com/v1/operations/a2lma2FmLWQ0ODUwL3VzLWNlbnRyYWwxL3NlbmRFbWFpbC9zcnd6M2d4TE9mMA [none]
[debug] [2023-07-07T15:38:33.749Z] <<< [apiv2][status] GET https://cloudfunctions.googleapis.com/v1/operations/a2lma2FmLWQ0ODUwL3VzLWNlbnRyYWwxL3NlbmRFbWFpbC9zcnd6M2d4TE9mMA 200
[debug] [2023-07-07T15:38:33.749Z] <<< [apiv2][body] GET https://cloudfunctions.googleapis.com/v1/operations/a2lma2FmLWQ0ODUwL3VzLWNlbnRyYWwxL3NlbmRFbWFpbC9zcnd6M2d4TE9mMA {"name":"operations/a2lma2FmLWQ0ODUwL3VzLWNlbnRyYWwxL3NlbmRFbWFpbC9zcnd6M2d4TE9mMA","metadata":{"@type":"type.googleapis.com/google.cloud.functions.v1.OperationMetadataV1","target":"projects/kifkaf-d4850/locations/us-central1/functions/sendEmail","type":"UPDATE_FUNCTION","request":{"@type":"type.googleapis.com/google.cloud.functions.v1.CloudFunction","name":"projects/kifkaf-d4850/locations/us-central1/functions/sendEmail","httpsTrigger":{"url":"https://us-central1-kifkaf-d4850.cloudfunctions.net/sendEmail","securityLevel":"SECURE_ALWAYS"},"status":"ACTIVE","entryPoint":"sendEmail","updateTime":"2023-07-07T15:16:12.213Z","versionId":"8","labels":{"deployment-tool":"cli-firebase","firebase-functions-hash":"63c9719a7942568da129f20cddb0fd82b26c3535"},"sourceUploadUrl":"https://storage.googleapis.com/uploads-206802271662.us-central1.cloudfunctions.appspot.com/86174ca4-1a82-45aa-85d3-839cfaf96184.zip?GoogleAccessId=service-296402111022@gcf-admin-robot.iam.gserviceaccount.com&Expires=1688746110&Signature=P9OLDVEiZXdJqF9HHxG1na3mXdlhVYXwtP8uPCrBbKMLn1JTd1tErHld%2F2y87MbALdE4vlJrlqi%2FSwm5rLfs5OYW4xoc4b8%2Fh%2FRExep%2BCvbsu5A0MlbejMkH5F3DcmsJjTKTXbaQIIYEBqjj640OGfD%2B58BGzzt69XWTZynTLXEQoHxV0GCGB8W5I4E%2Br5pce1LHthtYx0%2B%2FUmhLgxyTHvYyWt8D9mg1bATqbPCdAHKP%2Bq3td3VHHzrR1orkHYx5V8XGs4Z6xasSl85AyTcAihBY9AxlvcxPAuUiCh%2BJWj6cSfhJMnZp7KuJ1tP3qjbv3EEgPxs20tEbtbh8ju2ZoQ%3D%3D","environmentVariables":{"FIREBASE_CONFIG":"{\"projectId\":\"kifkaf-d4850\",\"storageBucket\":\"kifkaf-d4850.appspot.com\"}","GCLOUD_PROJECT":"kifkaf-d4850","EVENTARC_CLOUD_EVENT_SOURCE":"projects/kifkaf-d4850/locations/us-central1/functions/sendEmail"},"runtime":"nodejs18","buildId":"30e30992-d693-40c9-bbe5-c62353950967","buildEnvironmentVariables":{"GOOGLE_NODE_RUN_SCRIPTS":""},"buildName":"projects/296402111022/locations/us-central1/builds/30e30992-d693-40c9-bbe5-c62353950967","dockerRegistry":"ARTIFACT_REGISTRY"},"versionId":"9","updateTime":"2023-07-07T15:38:31Z","buildId":"5b6886e7-e715-4a6b-ba24-841439bc8f53","buildName":"projects/296402111022/locations/us-central1/builds/5b6886e7-e715-4a6b-ba24-841439bc8f53"}}
[debug] [2023-07-07T15:38:35.750Z] [update-default-us-central1-sendEmail] Retrying task index 0
[debug] [2023-07-07T15:38:35.751Z] >>> [apiv2][query] GET https://cloudfunctions.googleapis.com/v1/operations/a2lma2FmLWQ0ODUwL3VzLWNlbnRyYWwxL3NlbmRFbWFpbC9zcnd6M2d4TE9mMA [none]
[debug] [2023-07-07T15:38:35.917Z] <<< [apiv2][status] GET https://cloudfunctions.googleapis.com/v1/operations/a2lma2FmLWQ0ODUwL3VzLWNlbnRyYWwxL3NlbmRFbWFpbC9zcnd6M2d4TE9mMA 200
[debug] [2023-07-07T15:38:35.918Z] <<< [apiv2][body] GET https://cloudfunctions.googleapis.com/v1/operations/a2lma2FmLWQ0ODUwL3VzLWNlbnRyYWwxL3NlbmRFbWFpbC9zcnd6M2d4TE9mMA {"name":"operations/a2lma2FmLWQ0ODUwL3VzLWNlbnRyYWwxL3NlbmRFbWFpbC9zcnd6M2d4TE9mMA","metadata":{"@type":"type.googleapis.com/google.cloud.functions.v1.OperationMetadataV1","target":"projects/kifkaf-d4850/locations/us-central1/functions/sendEmail","type":"UPDATE_FUNCTION","request":{"@type":"type.googleapis.com/google.cloud.functions.v1.CloudFunction","name":"projects/kifkaf-d4850/locations/us-central1/functions/sendEmail","httpsTrigger":{"url":"https://us-central1-kifkaf-d4850.cloudfunctions.net/sendEmail","securityLevel":"SECURE_ALWAYS"},"status":"ACTIVE","entryPoint":"sendEmail","updateTime":"2023-07-07T15:16:12.213Z","versionId":"8","labels":{"deployment-tool":"cli-firebase","firebase-functions-hash":"63c9719a7942568da129f20cddb0fd82b26c3535"},"sourceUploadUrl":"https://storage.googleapis.com/uploads-206802271662.us-central1.cloudfunctions.appspot.com/86174ca4-1a82-45aa-85d3-839cfaf96184.zip?GoogleAccessId=service-296402111022@gcf-admin-robot.iam.gserviceaccount.com&Expires=1688746110&Signature=P9OLDVEiZXdJqF9HHxG1na3mXdlhVYXwtP8uPCrBbKMLn1JTd1tErHld%2F2y87MbALdE4vlJrlqi%2FSwm5rLfs5OYW4xoc4b8%2Fh%2FRExep%2BCvbsu5A0MlbejMkH5F3DcmsJjTKTXbaQIIYEBqjj640OGfD%2B58BGzzt69XWTZynTLXEQoHxV0GCGB8W5I4E%2Br5pce1LHthtYx0%2B%2FUmhLgxyTHvYyWt8D9mg1bATqbPCdAHKP%2Bq3td3VHHzrR1orkHYx5V8XGs4Z6xasSl85AyTcAihBY9AxlvcxPAuUiCh%2BJWj6cSfhJMnZp7KuJ1tP3qjbv3EEgPxs20tEbtbh8ju2ZoQ%3D%3D","environmentVariables":{"FIREBASE_CONFIG":"{\"projectId\":\"kifkaf-d4850\",\"storageBucket\":\"kifkaf-d4850.appspot.com\"}","GCLOUD_PROJECT":"kifkaf-d4850","EVENTARC_CLOUD_EVENT_SOURCE":"projects/kifkaf-d4850/locations/us-central1/functions/sendEmail"},"runtime":"nodejs18","buildId":"30e30992-d693-40c9-bbe5-c62353950967","buildEnvironmentVariables":{"GOOGLE_NODE_RUN_SCRIPTS":""},"buildName":"projects/296402111022/locations/us-central1/builds/30e30992-d693-40c9-bbe5-c62353950967","dockerRegistry":"ARTIFACT_REGISTRY"},"versionId":"9","updateTime":"2023-07-07T15:38:31Z","buildId":"5b6886e7-e715-4a6b-ba24-841439bc8f53","buildName":"projects/296402111022/locations/us-central1/builds/5b6886e7-e715-4a6b-ba24-841439bc8f53"}}
[debug] [2023-07-07T15:38:39.919Z] [update-default-us-central1-sendEmail] Retrying task index 0
[debug] [2023-07-07T15:38:39.920Z] >>> [apiv2][query] GET https://cloudfunctions.googleapis.com/v1/operations/a2lma2FmLWQ0ODUwL3VzLWNlbnRyYWwxL3NlbmRFbWFpbC9zcnd6M2d4TE9mMA [none]
[debug] [2023-07-07T15:38:40.093Z] <<< [apiv2][status] GET https://cloudfunctions.googleapis.com/v1/operations/a2lma2FmLWQ0ODUwL3VzLWNlbnRyYWwxL3NlbmRFbWFpbC9zcnd6M2d4TE9mMA 200
[debug] [2023-07-07T15:38:40.093Z] <<< [apiv2][body] GET https://cloudfunctions.googleapis.com/v1/operations/a2lma2FmLWQ0ODUwL3VzLWNlbnRyYWwxL3NlbmRFbWFpbC9zcnd6M2d4TE9mMA {"name":"operations/a2lma2FmLWQ0ODUwL3VzLWNlbnRyYWwxL3NlbmRFbWFpbC9zcnd6M2d4TE9mMA","metadata":{"@type":"type.googleapis.com/google.cloud.functions.v1.OperationMetadataV1","target":"projects/kifkaf-d4850/locations/us-central1/functions/sendEmail","type":"UPDATE_FUNCTION","request":{"@type":"type.googleapis.com/google.cloud.functions.v1.CloudFunction","name":"projects/kifkaf-d4850/locations/us-central1/functions/sendEmail","httpsTrigger":{"url":"https://us-central1-kifkaf-d4850.cloudfunctions.net/sendEmail","securityLevel":"SECURE_ALWAYS"},"status":"ACTIVE","entryPoint":"sendEmail","updateTime":"2023-07-07T15:16:12.213Z","versionId":"8","labels":{"deployment-tool":"cli-firebase","firebase-functions-hash":"63c9719a7942568da129f20cddb0fd82b26c3535"},"sourceUploadUrl":"https://storage.googleapis.com/uploads-206802271662.us-central1.cloudfunctions.appspot.com/86174ca4-1a82-45aa-85d3-839cfaf96184.zip?GoogleAccessId=service-296402111022@gcf-admin-robot.iam.gserviceaccount.com&Expires=1688746110&Signature=P9OLDVEiZXdJqF9HHxG1na3mXdlhVYXwtP8uPCrBbKMLn1JTd1tErHld%2F2y87MbALdE4vlJrlqi%2FSwm5rLfs5OYW4xoc4b8%2Fh%2FRExep%2BCvbsu5A0MlbejMkH5F3DcmsJjTKTXbaQIIYEBqjj640OGfD%2B58BGzzt69XWTZynTLXEQoHxV0GCGB8W5I4E%2Br5pce1LHthtYx0%2B%2FUmhLgxyTHvYyWt8D9mg1bATqbPCdAHKP%2Bq3td3VHHzrR1orkHYx5V8XGs4Z6xasSl85AyTcAihBY9AxlvcxPAuUiCh%2BJWj6cSfhJMnZp7KuJ1tP3qjbv3EEgPxs20tEbtbh8ju2ZoQ%3D%3D","environmentVariables":{"FIREBASE_CONFIG":"{\"projectId\":\"kifkaf-d4850\",\"storageBucket\":\"kifkaf-d4850.appspot.com\"}","GCLOUD_PROJECT":"kifkaf-d4850","EVENTARC_CLOUD_EVENT_SOURCE":"projects/kifkaf-d4850/locations/us-central1/functions/sendEmail"},"runtime":"nodejs18","buildId":"30e30992-d693-40c9-bbe5-c62353950967","buildEnvironmentVariables":{"GOOGLE_NODE_RUN_SCRIPTS":""},"buildName":"projects/296402111022/locations/us-central1/builds/30e30992-d693-40c9-bbe5-c62353950967","dockerRegistry":"ARTIFACT_REGISTRY"},"versionId":"9","updateTime":"2023-07-07T15:38:31Z","buildId":"5b6886e7-e715-4a6b-ba24-841439bc8f53","buildName":"projects/296402111022/locations/us-central1/builds/5b6886e7-e715-4a6b-ba24-841439bc8f53"}}
